<?xml version="1.0" encoding="UTF-8"?>
<!-- Generated by org.testng.reporters.JUnitReportReporter -->
<testsuite skipped="2" hostname="DESKTOP-LC06BTB" name="com.training.sanity.tests.RealestateMediumTests" tests="3" failures="0" timestamp="25 Nov 2019 08:26:53 GMT" time="39.587" errors="0">
  <testcase name="RETC_031" time="39.587" classname="com.training.sanity.tests.RealestateMediumTests"/>
  <testcase name="RECT_033" classname="com.training.sanity.tests.RealestateMediumTests">
    <skipped/>
  </testcase> <!-- RECT_033 -->
  <testcase name="RETC_032" classname="com.training.sanity.tests.RealestateMediumTests">
    <skipped/>
  </testcase> <!-- RETC_032 -->
</testsuite> <!-- com.training.sanity.tests.RealestateMediumTests -->
