<?xml version="1.0" encoding="UTF-8"?>
<!-- Generated by org.testng.reporters.JUnitReportReporter -->
<testsuite skipped="2" hostname="DESKTOP-LC06BTB" name="com.training.sanity.tests.RealestateComplexTests" tests="5" failures="0" timestamp="28 Nov 2019 10:51:08 GMT" time="473.427" errors="0">
  <testcase name="RETC_063" time="208.860" classname="com.training.sanity.tests.RealestateComplexTests"/>
  <testcase name="RETC_063" time="143.453" classname="com.training.sanity.tests.RealestateComplexTests"/>
  <testcase name="RETC_063" time="121.114" classname="com.training.sanity.tests.RealestateComplexTests"/>
  <testcase name="RETC_062" classname="com.training.sanity.tests.RealestateComplexTests">
    <skipped/>
  </testcase> <!-- RETC_062 -->
  <testcase name="RETC_061" classname="com.training.sanity.tests.RealestateComplexTests">
    <skipped/>
  </testcase> <!-- RETC_061 -->
</testsuite> <!-- com.training.sanity.tests.RealestateComplexTests -->
