<?xml version="1.0" encoding="UTF-8"?>
<!-- Generated by org.testng.reporters.JUnitReportReporter -->
<testsuite skipped="0" hostname="DESKTOP-LC06BTB" name="simple.Tests" tests="1" failures="0" timestamp="18 Nov 2019 05:19:12 GMT" time="37.440" errors="0">
  <testcase name="magentoLogin" time="37.440" classname="simple.Tests"/>
</testsuite> <!-- simple.Tests -->
